<?xml version="1.0" encoding="UTF-8"?>
<testsuite name="Test"
           tests="3"
           failures="3"
           errors="0"
           skipped="0"
           time="3.861">
  <properties />
            <testcase name="runCases" time="0.010" classname="com.restassured.RunTest">
                <failure type="java.net.UnknownHostException"
                  message="******"
              >
<![CDATA[java.net.UnknownHostException: ******
  java.net.InetAddress.getAllByName0(InetAddress.java:1281)
  java.net.InetAddress.getAllByName(InetAddress.java:1193)
  java.net.InetAddress.getAllByName(InetAddress.java:1127)
  org.apache.http.impl.conn.SystemDefaultDnsResolver.resolve(SystemDefaultDnsResolver.java:45)
  org.apache.http.impl.conn.DefaultClientConnectionOperator.resolveHostname(DefaultClientConnectionOperator.java:263)
  org.apache.http.impl.conn.DefaultClientConnectionOperator.openConnection(DefaultClientConnectionOperator.java:162)
  org.apache.http.impl.conn.ManagedClientConnectionImpl.open(ManagedClientConnectionImpl.java:326)
  org.apache.http.impl.client.DefaultRequestDirector.tryConnect(DefaultRequestDirector.java:605)
  org.apache.http.impl.client.DefaultRequestDirector.execute(DefaultRequestDirector.java:440)
  org.apache.http.impl.client.AbstractHttpClient.doExecute(AbstractHttpClient.java:835)
  org.apache.http.impl.client.CloseableHttpClient.execute(CloseableHttpClient.java:83)
  org.apache.http.impl.client.CloseableHttpClient.execute(CloseableHttpClient.java:56)
  org.apache.http.client.HttpClient$execute$0.call(Unknown Source)
  io.restassured.internal.RequestSpecificationImpl$RestAssuredHttpBuilder.doRequest(RequestSpecificationImpl.groovy:2146)
  io.restassured.internal.http.HTTPBuilder.doRequest(HTTPBuilder.java:494)
  io.restassured.internal.http.HTTPBuilder.request(HTTPBuilder.java:451)
  io.restassured.internal.http.HTTPBuilder$request$2.call(Unknown Source)
  io.restassured.internal.RequestSpecificationImpl.sendHttpRequest(RequestSpecificationImpl.groovy:1544)
  sun.reflect.NativeMethodAccessorImpl.invoke0(Native Method)
  sun.reflect.NativeMethodAccessorImpl.invoke(NativeMethodAccessorImpl.java:62)
  sun.reflect.DelegatingMethodAccessorImpl.invoke(DelegatingMethodAccessorImpl.java:43)
  java.lang.reflect.Method.invoke(Method.java:498)
  org.codehaus.groovy.reflection.CachedMethod.invoke(CachedMethod.java:101)
  groovy.lang.MetaMethod.doMethodInvoke(MetaMethod.java:323)
  groovy.lang.MetaClassImpl.invokeMethod(MetaClassImpl.java:1217)
  groovy.lang.MetaClassImpl.invokeMethod(MetaClassImpl.java:1041)
  groovy.lang.MetaClassImpl.invokeMethod(MetaClassImpl.java:821)
  io.restassured.internal.RequestSpecificationImpl.invokeMethod(RequestSpecificationImpl.groovy)
  org.codehaus.groovy.runtime.callsite.PogoInterceptableSite.call(PogoInterceptableSite.java:45)
  org.codehaus.groovy.runtime.callsite.PogoInterceptableSite.callCurrent(PogoInterceptableSite.java:55)
  io.restassured.internal.RequestSpecificationImpl.sendRequest(RequestSpecificationImpl.groovy:1293)
  sun.reflect.NativeMethodAccessorImpl.invoke0(Native Method)
  sun.reflect.NativeMethodAccessorImpl.invoke(NativeMethodAccessorImpl.java:62)
  sun.reflect.DelegatingMethodAccessorImpl.invoke(DelegatingMethodAccessorImpl.java:43)
  java.lang.reflect.Method.invoke(Method.java:498)
  org.codehaus.groovy.reflection.CachedMethod.invoke(CachedMethod.java:101)
  groovy.lang.MetaMethod.doMethodInvoke(MetaMethod.java:323)
  groovy.lang.MetaClassImpl.invokeMethod(MetaClassImpl.java:1217)
  groovy.lang.MetaClassImpl.invokeMethod(MetaClassImpl.java:1041)
  groovy.lang.MetaClassImpl.invokeMethod(MetaClassImpl.java:821)
  io.restassured.internal.RequestSpecificationImpl.invokeMethod(RequestSpecificationImpl.groovy)
  org.codehaus.groovy.runtime.callsite.PogoInterceptableSite.call(PogoInterceptableSite.java:45)
  org.codehaus.groovy.runtime.callsite.AbstractCallSite.call(AbstractCallSite.java:151)
  io.restassured.internal.filter.SendRequestFilter.filter(SendRequestFilter.groovy:30)
  io.restassured.filter.Filter$filter$0.call(Unknown Source)
  org.codehaus.groovy.runtime.callsite.CallSiteArray.defaultCall(CallSiteArray.java:47)
  io.restassured.filter.Filter$filter.call(Unknown Source)
  io.restassured.internal.filter.FilterContextImpl.next(FilterContextImpl.groovy:72)
  io.restassured.filter.time.TimingFilter.filter(TimingFilter.java:56)
  io.restassured.filter.Filter$filter.call(Unknown Source)
  org.codehaus.groovy.runtime.callsite.CallSiteArray.defaultCall(CallSiteArray.java:47)
  io.restassured.filter.Filter$filter$0.call(Unknown Source)
  io.restassured.internal.filter.FilterContextImpl.next(FilterContextImpl.groovy:72)
  io.restassured.filter.FilterContext$next.call(Unknown Source)
  io.restassured.internal.RequestSpecificationImpl.applyPathParamsAndSendRequest(RequestSpecificationImpl.groovy:1749)
  sun.reflect.NativeMethodAccessorImpl.invoke0(Native Method)
  sun.reflect.NativeMethodAccessorImpl.invoke(NativeMethodAccessorImpl.java:62)
  sun.reflect.DelegatingMethodAccessorImpl.invoke(DelegatingMethodAccessorImpl.java:43)
  java.lang.reflect.Method.invoke(Method.java:498)
  org.codehaus.groovy.reflection.CachedMethod.invoke(CachedMethod.java:101)
  groovy.lang.MetaMethod.doMethodInvoke(MetaMethod.java:323)
  groovy.lang.MetaClassImpl.invokeMethod(MetaClassImpl.java:1217)
  groovy.lang.MetaClassImpl.invokeMethod(MetaClassImpl.java:1041)
  groovy.lang.MetaClassImpl.invokeMethod(MetaClassImpl.java:821)
  io.restassured.internal.RequestSpecificationImpl.invokeMethod(RequestSpecificationImpl.groovy)
  org.codehaus.groovy.runtime.callsite.PogoInterceptableSite.call(PogoInterceptableSite.java:45)
  org.codehaus.groovy.runtime.callsite.PogoInterceptableSite.callCurrent(PogoInterceptableSite.java:55)
  org.codehaus.groovy.runtime.callsite.AbstractCallSite.callCurrent(AbstractCallSite.java:184)
  io.restassured.internal.RequestSpecificationImpl.applyPathParamsAndSendRequest(RequestSpecificationImpl.groovy:1755)
  sun.reflect.NativeMethodAccessorImpl.invoke0(Native Method)
  sun.reflect.NativeMethodAccessorImpl.invoke(NativeMethodAccessorImpl.java:62)
  sun.reflect.DelegatingMethodAccessorImpl.invoke(DelegatingMethodAccessorImpl.java:43)
  java.lang.reflect.Method.invoke(Method.java:498)
  org.codehaus.groovy.reflection.CachedMethod.invoke(CachedMethod.java:101)
  groovy.lang.MetaMethod.doMethodInvoke(MetaMethod.java:323)
  groovy.lang.MetaClassImpl.invokeMethod(MetaClassImpl.java:1217)
  groovy.lang.MetaClassImpl.invokeMethod(MetaClassImpl.java:1041)
  groovy.lang.MetaClassImpl.invokeMethod(MetaClassImpl.java:821)
  io.restassured.internal.RequestSpecificationImpl.invokeMethod(RequestSpecificationImpl.groovy)
  org.codehaus.groovy.runtime.callsite.PogoInterceptableSite.call(PogoInterceptableSite.java:45)
  org.codehaus.groovy.runtime.callsite.PogoInterceptableSite.callCurrent(PogoInterceptableSite.java:55)
  org.codehaus.groovy.runtime.callsite.AbstractCallSite.callCurrent(AbstractCallSite.java:184)
  io.restassured.internal.RequestSpecificationImpl.get(RequestSpecificationImpl.groovy:171)
  io.restassured.internal.RequestSpecificationImpl.get(RequestSpecificationImpl.groovy)
  com.restassured.RunTest.runCases(RunTest.java:53)
  sun.reflect.NativeMethodAccessorImpl.invoke0(Native Method)
  sun.reflect.NativeMethodAccessorImpl.invoke(NativeMethodAccessorImpl.java:62)
  sun.reflect.DelegatingMethodAccessorImpl.invoke(DelegatingMethodAccessorImpl.java:43)
  java.lang.reflect.Method.invoke(Method.java:498)
  org.testng.internal.MethodInvocationHelper.invokeMethod(MethodInvocationHelper.java:124)
  org.testng.internal.Invoker.invokeMethod(Invoker.java:583)
  org.testng.internal.Invoker.invokeTestMethod(Invoker.java:719)
  org.testng.internal.Invoker.invokeTestMethods(Invoker.java:989)
  org.testng.internal.TestMethodWorker.invokeTestMethods(TestMethodWorker.java:125)
  org.testng.internal.TestMethodWorker.run(TestMethodWorker.java:109)
  org.testng.TestRunner.privateRun(TestRunner.java:648)
  org.testng.TestRunner.run(TestRunner.java:505)
  org.testng.SuiteRunner.runTest(SuiteRunner.java:455)
  org.testng.SuiteRunner.runSequentially(SuiteRunner.java:450)
  org.testng.SuiteRunner.privateRun(SuiteRunner.java:415)
  org.testng.SuiteRunner.run(SuiteRunner.java:364)
  org.testng.SuiteRunnerWorker.runSuite(SuiteRunnerWorker.java:52)
  org.testng.SuiteRunnerWorker.run(SuiteRunnerWorker.java:84)
  org.testng.TestNG.runSuitesSequentially(TestNG.java:1208)
  org.testng.TestNG.runSuitesLocally(TestNG.java:1137)
  org.testng.TestNG.runSuites(TestNG.java:1049)
  org.testng.TestNG.run(TestNG.java:1017)
  org.testng.IDEARemoteTestNG.run(IDEARemoteTestNG.java:72)
  org.testng.RemoteTestNGStarter.main(RemoteTestNGStarter.java:123)
]]>
      </failure>

          </testcase>
            <testcase name="runCases" time="0.012" classname="com.restassured.RunTest">
                <failure type="java.net.UnknownHostException"
                  message="******"
              >
<![CDATA[java.net.UnknownHostException: ******
  java.net.InetAddress.getAllByName0(InetAddress.java:1281)
  java.net.InetAddress.getAllByName(InetAddress.java:1193)
  java.net.InetAddress.getAllByName(InetAddress.java:1127)
  org.apache.http.impl.conn.SystemDefaultDnsResolver.resolve(SystemDefaultDnsResolver.java:45)
  org.apache.http.impl.conn.DefaultClientConnectionOperator.resolveHostname(DefaultClientConnectionOperator.java:263)
  org.apache.http.impl.conn.DefaultClientConnectionOperator.openConnection(DefaultClientConnectionOperator.java:162)
  org.apache.http.impl.conn.ManagedClientConnectionImpl.open(ManagedClientConnectionImpl.java:326)
  org.apache.http.impl.client.DefaultRequestDirector.tryConnect(DefaultRequestDirector.java:605)
  org.apache.http.impl.client.DefaultRequestDirector.execute(DefaultRequestDirector.java:440)
  org.apache.http.impl.client.AbstractHttpClient.doExecute(AbstractHttpClient.java:835)
  org.apache.http.impl.client.CloseableHttpClient.execute(CloseableHttpClient.java:83)
  org.apache.http.impl.client.CloseableHttpClient.execute(CloseableHttpClient.java:56)
  org.apache.http.client.HttpClient$execute$0.call(Unknown Source)
  io.restassured.internal.RequestSpecificationImpl$RestAssuredHttpBuilder.doRequest(RequestSpecificationImpl.groovy:2146)
  io.restassured.internal.http.HTTPBuilder.doRequest(HTTPBuilder.java:494)
  io.restassured.internal.http.HTTPBuilder.request(HTTPBuilder.java:451)
  io.restassured.internal.http.HTTPBuilder$request$2.call(Unknown Source)
  io.restassured.internal.RequestSpecificationImpl.sendHttpRequest(RequestSpecificationImpl.groovy:1544)
  sun.reflect.NativeMethodAccessorImpl.invoke0(Native Method)
  sun.reflect.NativeMethodAccessorImpl.invoke(NativeMethodAccessorImpl.java:62)
  sun.reflect.DelegatingMethodAccessorImpl.invoke(DelegatingMethodAccessorImpl.java:43)
  java.lang.reflect.Method.invoke(Method.java:498)
  org.codehaus.groovy.reflection.CachedMethod.invoke(CachedMethod.java:101)
  groovy.lang.MetaMethod.doMethodInvoke(MetaMethod.java:323)
  groovy.lang.MetaClassImpl.invokeMethod(MetaClassImpl.java:1217)
  groovy.lang.MetaClassImpl.invokeMethod(MetaClassImpl.java:1041)
  groovy.lang.MetaClassImpl.invokeMethod(MetaClassImpl.java:821)
  io.restassured.internal.RequestSpecificationImpl.invokeMethod(RequestSpecificationImpl.groovy)
  org.codehaus.groovy.runtime.callsite.PogoInterceptableSite.call(PogoInterceptableSite.java:45)
  org.codehaus.groovy.runtime.callsite.PogoInterceptableSite.callCurrent(PogoInterceptableSite.java:55)
  io.restassured.internal.RequestSpecificationImpl.sendRequest(RequestSpecificationImpl.groovy:1293)
  sun.reflect.NativeMethodAccessorImpl.invoke0(Native Method)
  sun.reflect.NativeMethodAccessorImpl.invoke(NativeMethodAccessorImpl.java:62)
  sun.reflect.DelegatingMethodAccessorImpl.invoke(DelegatingMethodAccessorImpl.java:43)
  java.lang.reflect.Method.invoke(Method.java:498)
  org.codehaus.groovy.reflection.CachedMethod.invoke(CachedMethod.java:101)
  groovy.lang.MetaMethod.doMethodInvoke(MetaMethod.java:323)
  groovy.lang.MetaClassImpl.invokeMethod(MetaClassImpl.java:1217)
  groovy.lang.MetaClassImpl.invokeMethod(MetaClassImpl.java:1041)
  groovy.lang.MetaClassImpl.invokeMethod(MetaClassImpl.java:821)
  io.restassured.internal.RequestSpecificationImpl.invokeMethod(RequestSpecificationImpl.groovy)
  org.codehaus.groovy.runtime.callsite.PogoInterceptableSite.call(PogoInterceptableSite.java:45)
  org.codehaus.groovy.runtime.callsite.AbstractCallSite.call(AbstractCallSite.java:151)
  io.restassured.internal.filter.SendRequestFilter.filter(SendRequestFilter.groovy:30)
  io.restassured.filter.Filter$filter$0.call(Unknown Source)
  org.codehaus.groovy.runtime.callsite.CallSiteArray.defaultCall(CallSiteArray.java:47)
  io.restassured.filter.Filter$filter.call(Unknown Source)
  io.restassured.internal.filter.FilterContextImpl.next(FilterContextImpl.groovy:72)
  io.restassured.filter.time.TimingFilter.filter(TimingFilter.java:56)
  io.restassured.filter.Filter$filter.call(Unknown Source)
  org.codehaus.groovy.runtime.callsite.CallSiteArray.defaultCall(CallSiteArray.java:47)
  io.restassured.filter.Filter$filter$0.call(Unknown Source)
  io.restassured.internal.filter.FilterContextImpl.next(FilterContextImpl.groovy:72)
  io.restassured.filter.FilterContext$next.call(Unknown Source)
  io.restassured.internal.RequestSpecificationImpl.applyPathParamsAndSendRequest(RequestSpecificationImpl.groovy:1749)
  sun.reflect.NativeMethodAccessorImpl.invoke0(Native Method)
  sun.reflect.NativeMethodAccessorImpl.invoke(NativeMethodAccessorImpl.java:62)
  sun.reflect.DelegatingMethodAccessorImpl.invoke(DelegatingMethodAccessorImpl.java:43)
  java.lang.reflect.Method.invoke(Method.java:498)
  org.codehaus.groovy.reflection.CachedMethod.invoke(CachedMethod.java:101)
  groovy.lang.MetaMethod.doMethodInvoke(MetaMethod.java:323)
  groovy.lang.MetaClassImpl.invokeMethod(MetaClassImpl.java:1217)
  groovy.lang.MetaClassImpl.invokeMethod(MetaClassImpl.java:1041)
  groovy.lang.MetaClassImpl.invokeMethod(MetaClassImpl.java:821)
  io.restassured.internal.RequestSpecificationImpl.invokeMethod(RequestSpecificationImpl.groovy)
  org.codehaus.groovy.runtime.callsite.PogoInterceptableSite.call(PogoInterceptableSite.java:45)
  org.codehaus.groovy.runtime.callsite.PogoInterceptableSite.callCurrent(PogoInterceptableSite.java:55)
  org.codehaus.groovy.runtime.callsite.AbstractCallSite.callCurrent(AbstractCallSite.java:184)
  io.restassured.internal.RequestSpecificationImpl.applyPathParamsAndSendRequest(RequestSpecificationImpl.groovy:1755)
  sun.reflect.NativeMethodAccessorImpl.invoke0(Native Method)
  sun.reflect.NativeMethodAccessorImpl.invoke(NativeMethodAccessorImpl.java:62)
  sun.reflect.DelegatingMethodAccessorImpl.invoke(DelegatingMethodAccessorImpl.java:43)
  java.lang.reflect.Method.invoke(Method.java:498)
  org.codehaus.groovy.reflection.CachedMethod.invoke(CachedMethod.java:101)
  groovy.lang.MetaMethod.doMethodInvoke(MetaMethod.java:323)
  groovy.lang.MetaClassImpl.invokeMethod(MetaClassImpl.java:1217)
  groovy.lang.MetaClassImpl.invokeMethod(MetaClassImpl.java:1041)
  groovy.lang.MetaClassImpl.invokeMethod(MetaClassImpl.java:821)
  io.restassured.internal.RequestSpecificationImpl.invokeMethod(RequestSpecificationImpl.groovy)
  org.codehaus.groovy.runtime.callsite.PogoInterceptableSite.call(PogoInterceptableSite.java:45)
  org.codehaus.groovy.runtime.callsite.PogoInterceptableSite.callCurrent(PogoInterceptableSite.java:55)
  org.codehaus.groovy.runtime.callsite.AbstractCallSite.callCurrent(AbstractCallSite.java:184)
  io.restassured.internal.RequestSpecificationImpl.get(RequestSpecificationImpl.groovy:171)
  io.restassured.internal.RequestSpecificationImpl.get(RequestSpecificationImpl.groovy)
  com.restassured.RunTest.runCases(RunTest.java:53)
  sun.reflect.NativeMethodAccessorImpl.invoke0(Native Method)
  sun.reflect.NativeMethodAccessorImpl.invoke(NativeMethodAccessorImpl.java:62)
  sun.reflect.DelegatingMethodAccessorImpl.invoke(DelegatingMethodAccessorImpl.java:43)
  java.lang.reflect.Method.invoke(Method.java:498)
  org.testng.internal.MethodInvocationHelper.invokeMethod(MethodInvocationHelper.java:124)
  org.testng.internal.Invoker.invokeMethod(Invoker.java:583)
  org.testng.internal.Invoker.invokeTestMethod(Invoker.java:719)
  org.testng.internal.Invoker.invokeTestMethods(Invoker.java:989)
  org.testng.internal.TestMethodWorker.invokeTestMethods(TestMethodWorker.java:125)
  org.testng.internal.TestMethodWorker.run(TestMethodWorker.java:109)
  org.testng.TestRunner.privateRun(TestRunner.java:648)
  org.testng.TestRunner.run(TestRunner.java:505)
  org.testng.SuiteRunner.runTest(SuiteRunner.java:455)
  org.testng.SuiteRunner.runSequentially(SuiteRunner.java:450)
  org.testng.SuiteRunner.privateRun(SuiteRunner.java:415)
  org.testng.SuiteRunner.run(SuiteRunner.java:364)
  org.testng.SuiteRunnerWorker.runSuite(SuiteRunnerWorker.java:52)
  org.testng.SuiteRunnerWorker.run(SuiteRunnerWorker.java:84)
  org.testng.TestNG.runSuitesSequentially(TestNG.java:1208)
  org.testng.TestNG.runSuitesLocally(TestNG.java:1137)
  org.testng.TestNG.runSuites(TestNG.java:1049)
  org.testng.TestNG.run(TestNG.java:1017)
  org.testng.IDEARemoteTestNG.run(IDEARemoteTestNG.java:72)
  org.testng.RemoteTestNGStarter.main(RemoteTestNGStarter.java:123)
]]>
      </failure>

          </testcase>
            <testcase name="runCases" time="3.839" classname="com.restassured.RunTest">
                <failure type="java.net.UnknownHostException"
                  message="******: nodename nor servname provided, or not known"
              >
<![CDATA[java.net.UnknownHostException: ******: nodename nor servname provided, or not known
  java.net.Inet6AddressImpl.lookupAllHostAddr(Native Method)
  java.net.InetAddress$2.lookupAllHostAddr(InetAddress.java:929)
  java.net.InetAddress.getAddressesFromNameService(InetAddress.java:1324)
  java.net.InetAddress.getAllByName0(InetAddress.java:1277)
  java.net.InetAddress.getAllByName(InetAddress.java:1193)
  java.net.InetAddress.getAllByName(InetAddress.java:1127)
  org.apache.http.impl.conn.SystemDefaultDnsResolver.resolve(SystemDefaultDnsResolver.java:45)
  org.apache.http.impl.conn.DefaultClientConnectionOperator.resolveHostname(DefaultClientConnectionOperator.java:263)
  org.apache.http.impl.conn.DefaultClientConnectionOperator.openConnection(DefaultClientConnectionOperator.java:162)
  org.apache.http.impl.conn.ManagedClientConnectionImpl.open(ManagedClientConnectionImpl.java:326)
  org.apache.http.impl.client.DefaultRequestDirector.tryConnect(DefaultRequestDirector.java:605)
  org.apache.http.impl.client.DefaultRequestDirector.execute(DefaultRequestDirector.java:440)
  org.apache.http.impl.client.AbstractHttpClient.doExecute(AbstractHttpClient.java:835)
  org.apache.http.impl.client.CloseableHttpClient.execute(CloseableHttpClient.java:83)
  org.apache.http.impl.client.CloseableHttpClient.execute(CloseableHttpClient.java:56)
  org.apache.http.client.HttpClient$execute$0.call(Unknown Source)
  org.codehaus.groovy.runtime.callsite.CallSiteArray.defaultCall(CallSiteArray.java:47)
  org.codehaus.groovy.runtime.callsite.AbstractCallSite.call(AbstractCallSite.java:115)
  org.codehaus.groovy.runtime.callsite.AbstractCallSite.call(AbstractCallSite.java:135)
  io.restassured.internal.RequestSpecificationImpl$RestAssuredHttpBuilder.doRequest(RequestSpecificationImpl.groovy:2146)
  io.restassured.internal.http.HTTPBuilder.doRequest(HTTPBuilder.java:494)
  io.restassured.internal.http.HTTPBuilder.request(HTTPBuilder.java:451)
  io.restassured.internal.http.HTTPBuilder$request$2.call(Unknown Source)
  org.codehaus.groovy.runtime.callsite.CallSiteArray.defaultCall(CallSiteArray.java:47)
  org.codehaus.groovy.runtime.callsite.AbstractCallSite.call(AbstractCallSite.java:115)
  org.codehaus.groovy.runtime.callsite.AbstractCallSite.call(AbstractCallSite.java:151)
  io.restassured.internal.RequestSpecificationImpl.sendHttpRequest(RequestSpecificationImpl.groovy:1544)
  sun.reflect.NativeMethodAccessorImpl.invoke0(Native Method)
  sun.reflect.NativeMethodAccessorImpl.invoke(NativeMethodAccessorImpl.java:62)
  sun.reflect.DelegatingMethodAccessorImpl.invoke(DelegatingMethodAccessorImpl.java:43)
  java.lang.reflect.Method.invoke(Method.java:498)
  org.codehaus.groovy.reflection.CachedMethod.invoke(CachedMethod.java:101)
  groovy.lang.MetaMethod.doMethodInvoke(MetaMethod.java:323)
  groovy.lang.MetaClassImpl.invokeMethod(MetaClassImpl.java:1217)
  groovy.lang.MetaClassImpl.invokeMethod(MetaClassImpl.java:1041)
  groovy.lang.MetaClassImpl.invokeMethod(MetaClassImpl.java:821)
  io.restassured.internal.RequestSpecificationImpl.invokeMethod(RequestSpecificationImpl.groovy)
  org.codehaus.groovy.runtime.callsite.PogoInterceptableSite.call(PogoInterceptableSite.java:45)
  org.codehaus.groovy.runtime.callsite.PogoInterceptableSite.callCurrent(PogoInterceptableSite.java:55)
  org.codehaus.groovy.runtime.callsite.CallSiteArray.defaultCallCurrent(CallSiteArray.java:51)
  org.codehaus.groovy.runtime.callsite.AbstractCallSite.callCurrent(AbstractCallSite.java:156)
  io.restassured.internal.RequestSpecificationImpl.sendRequest(RequestSpecificationImpl.groovy:1293)
  sun.reflect.NativeMethodAccessorImpl.invoke0(Native Method)
  sun.reflect.NativeMethodAccessorImpl.invoke(NativeMethodAccessorImpl.java:62)
  sun.reflect.DelegatingMethodAccessorImpl.invoke(DelegatingMethodAccessorImpl.java:43)
  java.lang.reflect.Method.invoke(Method.java:498)
  org.codehaus.groovy.reflection.CachedMethod.invoke(CachedMethod.java:101)
  groovy.lang.MetaMethod.doMethodInvoke(MetaMethod.java:323)
  groovy.lang.MetaClassImpl.invokeMethod(MetaClassImpl.java:1217)
  groovy.lang.MetaClassImpl.invokeMethod(MetaClassImpl.java:1041)
  groovy.lang.MetaClassImpl.invokeMethod(MetaClassImpl.java:821)
  io.restassured.internal.RequestSpecificationImpl.invokeMethod(RequestSpecificationImpl.groovy)
  org.codehaus.groovy.runtime.callsite.PogoInterceptableSite.call(PogoInterceptableSite.java:45)
  org.codehaus.groovy.runtime.callsite.CallSiteArray.defaultCall(CallSiteArray.java:47)
  org.codehaus.groovy.runtime.callsite.AbstractCallSite.call(AbstractCallSite.java:115)
  org.codehaus.groovy.runtime.callsite.AbstractCallSite.call(AbstractCallSite.java:151)
  io.restassured.internal.filter.SendRequestFilter.filter(SendRequestFilter.groovy:30)
  io.restassured.filter.Filter$filter$0.call(Unknown Source)
  org.codehaus.groovy.runtime.callsite.CallSiteArray.defaultCall(CallSiteArray.java:47)
  io.restassured.filter.Filter$filter.call(Unknown Source)
  io.restassured.internal.filter.FilterContextImpl.next(FilterContextImpl.groovy:72)
  io.restassured.filter.time.TimingFilter.filter(TimingFilter.java:56)
  io.restassured.filter.Filter$filter.call(Unknown Source)
  org.codehaus.groovy.runtime.callsite.CallSiteArray.defaultCall(CallSiteArray.java:47)
  org.codehaus.groovy.runtime.callsite.AbstractCallSite.call(AbstractCallSite.java:115)
  org.codehaus.groovy.runtime.callsite.AbstractCallSite.call(AbstractCallSite.java:143)
  io.restassured.internal.filter.FilterContextImpl.next(FilterContextImpl.groovy:72)
  io.restassured.filter.FilterContext$next.call(Unknown Source)
  org.codehaus.groovy.runtime.callsite.CallSiteArray.defaultCall(CallSiteArray.java:47)
  org.codehaus.groovy.runtime.callsite.AbstractCallSite.call(AbstractCallSite.java:115)
  org.codehaus.groovy.runtime.callsite.AbstractCallSite.call(AbstractCallSite.java:135)
  io.restassured.internal.RequestSpecificationImpl.applyPathParamsAndSendRequest(RequestSpecificationImpl.groovy:1749)
  sun.reflect.NativeMethodAccessorImpl.invoke0(Native Method)
  sun.reflect.NativeMethodAccessorImpl.invoke(NativeMethodAccessorImpl.java:62)
  sun.reflect.DelegatingMethodAccessorImpl.invoke(DelegatingMethodAccessorImpl.java:43)
  java.lang.reflect.Method.invoke(Method.java:498)
  org.codehaus.groovy.reflection.CachedMethod.invoke(CachedMethod.java:101)
  groovy.lang.MetaMethod.doMethodInvoke(MetaMethod.java:323)
  groovy.lang.MetaClassImpl.invokeMethod(MetaClassImpl.java:1217)
  groovy.lang.MetaClassImpl.invokeMethod(MetaClassImpl.java:1041)
  groovy.lang.MetaClassImpl.invokeMethod(MetaClassImpl.java:821)
  io.restassured.internal.RequestSpecificationImpl.invokeMethod(RequestSpecificationImpl.groovy)
  org.codehaus.groovy.runtime.callsite.PogoInterceptableSite.call(PogoInterceptableSite.java:45)
  org.codehaus.groovy.runtime.callsite.PogoInterceptableSite.callCurrent(PogoInterceptableSite.java:55)
  org.codehaus.groovy.runtime.callsite.CallSiteArray.defaultCallCurrent(CallSiteArray.java:51)
  org.codehaus.groovy.runtime.callsite.AbstractCallSite.callCurrent(AbstractCallSite.java:156)
  org.codehaus.groovy.runtime.callsite.AbstractCallSite.callCurrent(AbstractCallSite.java:184)
  io.restassured.internal.RequestSpecificationImpl.applyPathParamsAndSendRequest(RequestSpecificationImpl.groovy:1755)
  sun.reflect.NativeMethodAccessorImpl.invoke0(Native Method)
  sun.reflect.NativeMethodAccessorImpl.invoke(NativeMethodAccessorImpl.java:62)
  sun.reflect.DelegatingMethodAccessorImpl.invoke(DelegatingMethodAccessorImpl.java:43)
  java.lang.reflect.Method.invoke(Method.java:498)
  org.codehaus.groovy.reflection.CachedMethod.invoke(CachedMethod.java:101)
  groovy.lang.MetaMethod.doMethodInvoke(MetaMethod.java:323)
  groovy.lang.MetaClassImpl.invokeMethod(MetaClassImpl.java:1217)
  groovy.lang.MetaClassImpl.invokeMethod(MetaClassImpl.java:1041)
  groovy.lang.MetaClassImpl.invokeMethod(MetaClassImpl.java:821)
  io.restassured.internal.RequestSpecificationImpl.invokeMethod(RequestSpecificationImpl.groovy)
  org.codehaus.groovy.runtime.callsite.PogoInterceptableSite.call(PogoInterceptableSite.java:45)
  org.codehaus.groovy.runtime.callsite.PogoInterceptableSite.callCurrent(PogoInterceptableSite.java:55)
  org.codehaus.groovy.runtime.callsite.CallSiteArray.defaultCallCurrent(CallSiteArray.java:51)
  org.codehaus.groovy.runtime.callsite.AbstractCallSite.callCurrent(AbstractCallSite.java:156)
  org.codehaus.groovy.runtime.callsite.AbstractCallSite.callCurrent(AbstractCallSite.java:184)
  io.restassured.internal.RequestSpecificationImpl.get(RequestSpecificationImpl.groovy:171)
  io.restassured.internal.RequestSpecificationImpl.get(RequestSpecificationImpl.groovy)
  com.restassured.RunTest.runCases(RunTest.java:53)
  sun.reflect.NativeMethodAccessorImpl.invoke0(Native Method)
  sun.reflect.NativeMethodAccessorImpl.invoke(NativeMethodAccessorImpl.java:62)
  sun.reflect.DelegatingMethodAccessorImpl.invoke(DelegatingMethodAccessorImpl.java:43)
  java.lang.reflect.Method.invoke(Method.java:498)
  org.testng.internal.MethodInvocationHelper.invokeMethod(MethodInvocationHelper.java:124)
  org.testng.internal.Invoker.invokeMethod(Invoker.java:583)
  org.testng.internal.Invoker.invokeTestMethod(Invoker.java:719)
  org.testng.internal.Invoker.invokeTestMethods(Invoker.java:989)
  org.testng.internal.TestMethodWorker.invokeTestMethods(TestMethodWorker.java:125)
  org.testng.internal.TestMethodWorker.run(TestMethodWorker.java:109)
  org.testng.TestRunner.privateRun(TestRunner.java:648)
  org.testng.TestRunner.run(TestRunner.java:505)
  org.testng.SuiteRunner.runTest(SuiteRunner.java:455)
  org.testng.SuiteRunner.runSequentially(SuiteRunner.java:450)
  org.testng.SuiteRunner.privateRun(SuiteRunner.java:415)
  org.testng.SuiteRunner.run(SuiteRunner.java:364)
  org.testng.SuiteRunnerWorker.runSuite(SuiteRunnerWorker.java:52)
  org.testng.SuiteRunnerWorker.run(SuiteRunnerWorker.java:84)
  org.testng.TestNG.runSuitesSequentially(TestNG.java:1208)
  org.testng.TestNG.runSuitesLocally(TestNG.java:1137)
  org.testng.TestNG.runSuites(TestNG.java:1049)
  org.testng.TestNG.run(TestNG.java:1017)
  org.testng.IDEARemoteTestNG.run(IDEARemoteTestNG.java:72)
  org.testng.RemoteTestNGStarter.main(RemoteTestNGStarter.java:123)
]]>
      </failure>

          </testcase>
  
  
  
</testsuite>
